<?xml version="1.0" encoding="UTF-8"?>
<testsuites name="jest tests" tests="10" failures="0" errors="0" time="22.826">
  <testsuite name="B1: GET /api/movies - Endpoint de películas" errors="0" failures="0" skipped="0" timestamp="2025-11-14T05:30:50" time="22.428" tests="10">
    <testcase classname="B1: GET /api/movies - Endpoint de películas" name="Debe responder con status 200 OK" time="2.451">
    </testcase>
    <testcase classname="B1: GET /api/movies - Endpoint de películas" name="Debe retornar exactamente 10 películas" time="4.978">
    </testcase>
    <testcase classname="B1: GET /api/movies - Endpoint de películas" name="Debe tener la estructura correcta de respuesta" time="2.19">
    </testcase>
    <testcase classname="B1: GET /api/movies - Endpoint de películas" name="Cada película debe tener todos los campos obligatorios" time="3.61">
    </testcase>
    <testcase classname="B1: GET /api/movies - Endpoint de películas" name="Cada película debe tener imdbId con formato válido (ttXXXXXXX)" time="1.407">
    </testcase>
    <testcase classname="B1: GET /api/movies - Endpoint de películas" name="El campo likes debe ser un número mayor o igual a 0" time="2.047">
    </testcase>
    <testcase classname="B1: GET /api/movies - Endpoint de películas" name="El campo imdbRating debe ser un string con formato válido" time="0.202">
    </testcase>
    <testcase classname="B1: GET /api/movies - Endpoint de películas" name="El endpoint debe responder en menos de 5 segundos" time="0.156">
    </testcase>
    <testcase classname="B1: GET /api/movies - Endpoint de películas" name="Debe incluir al menos algunas películas populares conocidas" time="0.159">
    </testcase>
    <testcase classname="B1: GET /api/movies - Endpoint de películas" name="El campo poster debe ser una URL válida" time="0.156">
    </testcase>
  </testsuite>
</testsuites>